--- Copying files at Mon Dec  9 07:43:54 UTC 2019
--- Copying files at Tue Dec 10 06:31:49 UTC 2019
--- Copying files at Wed Dec 11 06:45:58 UTC 2019
--- Copying files at Fri Mar 13 04:21:30 UTC 2020
--- Copying files at Sat Mar 14 09:46:52 UTC 2020
--- Copying files at Sun Apr 19 12:37:43 UTC 2020
--- Copying files at Sun Apr 19 13:21:59 UTC 2020
--- Copying files at Sun Apr 19 16:14:48 UTC 2020
--- Copying files at Sun Apr 19 18:29:06 UTC 2020
--- Copying files at Sun Apr 19 18:39:36 UTC 2020
--- Copying files at Mon Apr 20 05:42:35 UTC 2020
--- Copying files at Mon Apr 20 08:58:20 UTC 2020
INSTALLED init.groovy.d/tcp-slave-agent-port.groovy
INSTALLED jobs/README.md
INSTALLED plugins/pipeline-utility-steps.jpi : 2.0.2
INSTALLED plugins.txt
--- Copying files at Mon Apr 20 15:47:28 UTC 2020
--- Copying files at Mon Apr 20 17:14:12 UTC 2020
--- Copying files at Mon Apr 20 17:48:52 UTC 2020
--- Copying files at Mon Apr 20 18:15:00 UTC 2020
--- Copying files at Tue Apr 21 05:06:43 UTC 2020
--- Copying files at Tue Apr 21 17:53:02 UTC 2020
--- Copying files at Wed Apr 22 16:03:50 UTC 2020
--- Copying files at Wed Apr 22 16:05:42 UTC 2020
--- Copying files at Thu Apr 23 08:06:38 UTC 2020
--- Copying files at Thu Apr 23 08:12:48 UTC 2020
