Started at Thu Apr 23 09:05:46 UTC 2020
Processing ansible-test
Offering ansible-test to Project Build Discarder
Processing firstjob
Offering firstjob to Project Build Discarder
Finished at Thu Apr 23 09:05:46 UTC 2020. 8ms
Started at Thu Apr 23 10:05:46 UTC 2020
Processing ansible-test
Offering ansible-test to Project Build Discarder
Processing firstjob
Offering firstjob to Project Build Discarder
Finished at Thu Apr 23 10:05:46 UTC 2020. 1ms
Started at Thu Apr 23 11:05:46 UTC 2020
Processing ansible-test
Offering ansible-test to Project Build Discarder
Processing firstjob
Offering firstjob to Project Build Discarder
Finished at Thu Apr 23 11:05:46 UTC 2020. 1ms
Started at Thu Apr 23 12:05:46 UTC 2020
Processing ansible-test
Offering ansible-test to Project Build Discarder
Processing firstjob
Offering firstjob to Project Build Discarder
Finished at Thu Apr 23 12:05:46 UTC 2020. 2ms
